Started GET "/" for 127.0.0.1 at 2024-06-12 16:39:38 +0300
  [1m[35m (36.3ms)[0m  [1m[35mCREATE TABLE "schema_migrations" ("version" varchar NOT NULL PRIMARY KEY)[0m
  [1m[35m (0.2ms)[0m  [1m[35mCREATE TABLE "ar_internal_metadata" ("key" varchar NOT NULL PRIMARY KEY, "value" varchar, "created_at" datetime(6) NOT NULL, "updated_at" datetime(6) NOT NULL)[0m
  [1m[36mActiveRecord::SchemaMigration Load (0.1ms)[0m  [1m[34mSELECT "schema_migrations"."version" FROM "schema_migrations" ORDER BY "schema_migrations"."version" ASC[0m
Processing by Rails::WelcomeController#index as HTML
  Rendering /usr/share/rvm/gems/ruby-3.3.0/gems/railties-7.1.3.4/lib/rails/templates/rails/welcome/index.html.erb
  Rendered /usr/share/rvm/gems/ruby-3.3.0/gems/railties-7.1.3.4/lib/rails/templates/rails/welcome/index.html.erb (Duration: 0.6ms | Allocations: 374)
Completed 200 OK in 51ms (Views: 6.2ms | ActiveRecord: 0.0ms | Allocations: 7762)


Started GET "/" for 127.0.0.1 at 2024-06-12 16:44:01 +0300
  [1m[36mActiveRecord::SchemaMigration Load (0.1ms)[0m  [1m[34mSELECT "schema_migrations"."version" FROM "schema_migrations" ORDER BY "schema_migrations"."version" ASC[0m
  
ActiveRecord::PendingMigrationError (

Migrations are pending. To resolve this issue, run:

        bin/rails db:migrate

You have 1 pending migration:

db/migrate/20240612134244_create_sharks.rb


):
  
activerecord (7.1.3.4) lib/active_record/migration.rb:755:in `check_pending_migrations'
activerecord (7.1.3.4) lib/active_record/migration.rb:644:in `block (2 levels) in call'
activesupport (7.1.3.4) lib/active_support/file_update_checker.rb:85:in `execute'
activesupport (7.1.3.4) lib/active_support/file_update_checker.rb:95:in `execute_if_updated'
activerecord (7.1.3.4) lib/active_record/migration.rb:651:in `block in call'
activerecord (7.1.3.4) lib/active_record/migration.rb:641:in `synchronize'
activerecord (7.1.3.4) lib/active_record/migration.rb:641:in `call'
actionpack (7.1.3.4) lib/action_dispatch/middleware/callbacks.rb:29:in `block in call'
activesupport (7.1.3.4) lib/active_support/callbacks.rb:101:in `run_callbacks'
actionpack (7.1.3.4) lib/action_dispatch/middleware/callbacks.rb:28:in `call'
actionpack (7.1.3.4) lib/action_dispatch/middleware/executor.rb:14:in `call'
actionpack (7.1.3.4) lib/action_dispatch/middleware/actionable_exceptions.rb:16:in `call'
actionpack (7.1.3.4) lib/action_dispatch/middleware/debug_exceptions.rb:29:in `call'
web-console (4.2.1) lib/web_console/middleware.rb:132:in `call_app'
web-console (4.2.1) lib/web_console/middleware.rb:28:in `block in call'
web-console (4.2.1) lib/web_console/middleware.rb:17:in `catch'
web-console (4.2.1) lib/web_console/middleware.rb:17:in `call'
actionpack (7.1.3.4) lib/action_dispatch/middleware/show_exceptions.rb:31:in `call'
railties (7.1.3.4) lib/rails/rack/logger.rb:37:in `call_app'
railties (7.1.3.4) lib/rails/rack/logger.rb:24:in `block in call'
activesupport (7.1.3.4) lib/active_support/tagged_logging.rb:135:in `block in tagged'
activesupport (7.1.3.4) lib/active_support/tagged_logging.rb:39:in `tagged'
activesupport (7.1.3.4) lib/active_support/tagged_logging.rb:135:in `tagged'
activesupport (7.1.3.4) lib/active_support/broadcast_logger.rb:240:in `method_missing'
railties (7.1.3.4) lib/rails/rack/logger.rb:24:in `call'
sprockets-rails (3.5.1) lib/sprockets/rails/quiet_assets.rb:17:in `call'
actionpack (7.1.3.4) lib/action_dispatch/middleware/remote_ip.rb:92:in `call'
actionpack (7.1.3.4) lib/action_dispatch/middleware/request_id.rb:28:in `call'
rack (3.1.3) lib/rack/method_override.rb:28:in `call'
rack (3.1.3) lib/rack/runtime.rb:24:in `call'
activesupport (7.1.3.4) lib/active_support/cache/strategy/local_cache_middleware.rb:29:in `call'
actionpack (7.1.3.4) lib/action_dispatch/middleware/server_timing.rb:59:in `block in call'
actionpack (7.1.3.4) lib/action_dispatch/middleware/server_timing.rb:24:in `collect_events'
actionpack (7.1.3.4) lib/action_dispatch/middleware/server_timing.rb:58:in `call'
actionpack (7.1.3.4) lib/action_dispatch/middleware/executor.rb:14:in `call'
actionpack (7.1.3.4) lib/action_dispatch/middleware/static.rb:25:in `call'
rack (3.1.3) lib/rack/sendfile.rb:114:in `call'
actionpack (7.1.3.4) lib/action_dispatch/middleware/host_authorization.rb:141:in `call'
railties (7.1.3.4) lib/rails/engine.rb:536:in `call'
puma (6.4.2) lib/puma/configuration.rb:272:in `call'
puma (6.4.2) lib/puma/request.rb:100:in `block in handle_request'
puma (6.4.2) lib/puma/thread_pool.rb:378:in `with_force_shutdown'
puma (6.4.2) lib/puma/request.rb:99:in `handle_request'
puma (6.4.2) lib/puma/server.rb:464:in `process_client'
puma (6.4.2) lib/puma/server.rb:245:in `block in run'
puma (6.4.2) lib/puma/thread_pool.rb:155:in `block in spawn_thread'
Started GET "/" for 127.0.0.1 at 2024-06-12 16:49:56 +0300
  [1m[36mActiveRecord::SchemaMigration Load (0.1ms)[0m  [1m[34mSELECT "schema_migrations"."version" FROM "schema_migrations" ORDER BY "schema_migrations"."version" ASC[0m
  
ActiveRecord::PendingMigrationError (

Migrations are pending. To resolve this issue, run:

        bin/rails db:migrate

You have 1 pending migration:

db/migrate/20240612134244_create_sharks.rb


):
  
activerecord (7.1.3.4) lib/active_record/migration.rb:755:in `check_pending_migrations'
activerecord (7.1.3.4) lib/active_record/migration.rb:644:in `block (2 levels) in call'
activesupport (7.1.3.4) lib/active_support/file_update_checker.rb:85:in `execute'
activerecord (7.1.3.4) lib/active_record/migration.rb:649:in `block in call'
activerecord (7.1.3.4) lib/active_record/migration.rb:641:in `synchronize'
activerecord (7.1.3.4) lib/active_record/migration.rb:641:in `call'
actionpack (7.1.3.4) lib/action_dispatch/middleware/callbacks.rb:29:in `block in call'
activesupport (7.1.3.4) lib/active_support/callbacks.rb:101:in `run_callbacks'
actionpack (7.1.3.4) lib/action_dispatch/middleware/callbacks.rb:28:in `call'
actionpack (7.1.3.4) lib/action_dispatch/middleware/executor.rb:14:in `call'
actionpack (7.1.3.4) lib/action_dispatch/middleware/actionable_exceptions.rb:16:in `call'
actionpack (7.1.3.4) lib/action_dispatch/middleware/debug_exceptions.rb:29:in `call'
web-console (4.2.1) lib/web_console/middleware.rb:132:in `call_app'
web-console (4.2.1) lib/web_console/middleware.rb:28:in `block in call'
web-console (4.2.1) lib/web_console/middleware.rb:17:in `catch'
web-console (4.2.1) lib/web_console/middleware.rb:17:in `call'
actionpack (7.1.3.4) lib/action_dispatch/middleware/show_exceptions.rb:31:in `call'
railties (7.1.3.4) lib/rails/rack/logger.rb:37:in `call_app'
railties (7.1.3.4) lib/rails/rack/logger.rb:24:in `block in call'
activesupport (7.1.3.4) lib/active_support/tagged_logging.rb:135:in `block in tagged'
activesupport (7.1.3.4) lib/active_support/tagged_logging.rb:39:in `tagged'
activesupport (7.1.3.4) lib/active_support/tagged_logging.rb:135:in `tagged'
activesupport (7.1.3.4) lib/active_support/broadcast_logger.rb:240:in `method_missing'
railties (7.1.3.4) lib/rails/rack/logger.rb:24:in `call'
sprockets-rails (3.5.1) lib/sprockets/rails/quiet_assets.rb:17:in `call'
actionpack (7.1.3.4) lib/action_dispatch/middleware/remote_ip.rb:92:in `call'
actionpack (7.1.3.4) lib/action_dispatch/middleware/request_id.rb:28:in `call'
rack (3.1.3) lib/rack/method_override.rb:28:in `call'
rack (3.1.3) lib/rack/runtime.rb:24:in `call'
activesupport (7.1.3.4) lib/active_support/cache/strategy/local_cache_middleware.rb:29:in `call'
actionpack (7.1.3.4) lib/action_dispatch/middleware/server_timing.rb:59:in `block in call'
actionpack (7.1.3.4) lib/action_dispatch/middleware/server_timing.rb:24:in `collect_events'
actionpack (7.1.3.4) lib/action_dispatch/middleware/server_timing.rb:58:in `call'
actionpack (7.1.3.4) lib/action_dispatch/middleware/executor.rb:14:in `call'
actionpack (7.1.3.4) lib/action_dispatch/middleware/static.rb:25:in `call'
rack (3.1.3) lib/rack/sendfile.rb:114:in `call'
actionpack (7.1.3.4) lib/action_dispatch/middleware/host_authorization.rb:141:in `call'
railties (7.1.3.4) lib/rails/engine.rb:536:in `call'
puma (6.4.2) lib/puma/configuration.rb:272:in `call'
puma (6.4.2) lib/puma/request.rb:100:in `block in handle_request'
puma (6.4.2) lib/puma/thread_pool.rb:378:in `with_force_shutdown'
puma (6.4.2) lib/puma/request.rb:99:in `handle_request'
puma (6.4.2) lib/puma/server.rb:464:in `process_client'
puma (6.4.2) lib/puma/server.rb:245:in `block in run'
puma (6.4.2) lib/puma/thread_pool.rb:155:in `block in spawn_thread'
  [1m[36mActiveRecord::InternalMetadata Load (0.2ms)[0m  [1m[34mSELECT * FROM "ar_internal_metadata" WHERE "ar_internal_metadata"."key" = ? ORDER BY "ar_internal_metadata"."key" ASC LIMIT 1[0m  [[nil, "environment"]]
  [1m[36mActiveRecord::InternalMetadata Create (54.7ms)[0m  [1m[32mINSERT INTO "ar_internal_metadata" ("key", "value", "created_at", "updated_at") VALUES ('environment', 'development', '2024-06-15 23:02:17.159893', '2024-06-15 23:02:17.159903') RETURNING "key"[0m
  [1m[36mActiveRecord::SchemaMigration Load (0.3ms)[0m  [1m[34mSELECT "schema_migrations"."version" FROM "schema_migrations" ORDER BY "schema_migrations"."version" ASC[0m
Migrating to CreateSharks (20240612134244)
  [1m[36mTRANSACTION (0.1ms)[0m  [1m[36mbegin transaction[0m
  [1m[35m (3.0ms)[0m  [1m[35mCREATE TABLE "sharks" ("id" integer PRIMARY KEY AUTOINCREMENT NOT NULL, "name" varchar, "facts" text, "created_at" datetime(6) NOT NULL, "updated_at" datetime(6) NOT NULL)[0m
  [1m[36mActiveRecord::SchemaMigration Create (0.3ms)[0m  [1m[32mINSERT INTO "schema_migrations" ("version") VALUES ('20240612134244') RETURNING "version"[0m
  [1m[36mTRANSACTION (0.4ms)[0m  [1m[36mcommit transaction[0m
  [1m[36mActiveRecord::SchemaMigration Load (0.1ms)[0m  [1m[34mSELECT "schema_migrations"."version" FROM "schema_migrations" ORDER BY "schema_migrations"."version" ASC[0m
Started GET "/" for 127.0.0.1 at 2024-06-16 02:03:04 +0300
  [1m[36mActiveRecord::SchemaMigration Load (0.1ms)[0m  [1m[34mSELECT "schema_migrations"."version" FROM "schema_migrations" ORDER BY "schema_migrations"."version" ASC[0m
Processing by SharksController#index as HTML
  Rendering layout layouts/application.html.erb
  Rendering sharks/index.html.erb within layouts/application
  [1m[36mShark Load (0.1ms)[0m  [1m[34mSELECT "sharks".* FROM "sharks"[0m
  ↳ app/views/sharks/index.html.erb:6
  Rendered sharks/index.html.erb within layouts/application (Duration: 4.9ms | Allocations: 1568)
  Rendered layout layouts/application.html.erb (Duration: 512.3ms | Allocations: 93029)
Completed 200 OK in 725ms (Views: 520.9ms | ActiveRecord: 1.2ms | Allocations: 105905)


Started GET "/sharks/new" for 127.0.0.1 at 2024-06-16 02:03:37 +0300
Processing by SharksController#new as HTML
  Rendering layout layouts/application.html.erb
  Rendering sharks/new.html.erb within layouts/application
  Rendered sharks/_form.html.erb (Duration: 39.9ms | Allocations: 5029)
  Rendered sharks/new.html.erb within layouts/application (Duration: 41.0ms | Allocations: 5353)
  Rendered layout layouts/application.html.erb (Duration: 42.2ms | Allocations: 6451)
Completed 200 OK in 131ms (Views: 42.6ms | ActiveRecord: 2.2ms | Allocations: 24803)


Started GET "/sharks/new" for 127.0.0.1 at 2024-06-16 02:03:37 +0300
Processing by SharksController#new as HTML
  Rendering layout layouts/application.html.erb
  Rendering sharks/new.html.erb within layouts/application
  Rendered sharks/_form.html.erb (Duration: 3.3ms | Allocations: 734)
  Rendered sharks/new.html.erb within layouts/application (Duration: 3.9ms | Allocations: 813)
  Rendered layout layouts/application.html.erb (Duration: 8.6ms | Allocations: 1897)
Completed 200 OK in 11ms (Views: 9.7ms | ActiveRecord: 0.0ms | Allocations: 2155)


Started GET "/sharks/new" for 127.0.0.1 at 2024-06-16 02:08:10 +0300
  [1m[36mActiveRecord::SchemaMigration Load (0.1ms)[0m  [1m[34mSELECT "schema_migrations"."version" FROM "schema_migrations" ORDER BY "schema_migrations"."version" ASC[0m
Processing by SharksController#new as HTML
  Rendering layout layouts/application.html.erb
  Rendering sharks/new.html.erb within layouts/application
  Rendered sharks/_form.html.erb (Duration: 12.8ms | Allocations: 3424)
  Rendered sharks/new.html.erb within layouts/application (Duration: 16.9ms | Allocations: 3864)
  Rendered layout layouts/application.html.erb (Duration: 123.9ms | Allocations: 37277)
Completed 200 OK in 155ms (Views: 130.4ms | ActiveRecord: 1.4ms | Allocations: 54871)


Started GET "/sharks/new" for 127.0.0.1 at 2024-06-16 02:08:11 +0300
Processing by SharksController#new as HTML
  Rendering layout layouts/application.html.erb
  Rendering sharks/new.html.erb within layouts/application
  Rendered sharks/_form.html.erb (Duration: 0.9ms | Allocations: 739)
  Rendered sharks/new.html.erb within layouts/application (Duration: 1.1ms | Allocations: 818)
  Rendered layout layouts/application.html.erb (Duration: 2.2ms | Allocations: 1905)
Completed 200 OK in 3ms (Views: 2.4ms | ActiveRecord: 0.0ms | Allocations: 2164)


Started GET "/" for 127.0.0.1 at 2024-06-16 02:08:15 +0300
Processing by SharksController#index as HTML
  Rendering layout layouts/application.html.erb
  Rendering sharks/index.html.erb within layouts/application
  [1m[36mShark Load (0.2ms)[0m  [1m[34mSELECT "sharks".* FROM "sharks"[0m
  ↳ app/views/sharks/index.html.erb:6
  Rendered sharks/index.html.erb within layouts/application (Duration: 1.9ms | Allocations: 982)
  Rendered layout layouts/application.html.erb (Duration: 3.5ms | Allocations: 2067)
Completed 200 OK in 7ms (Views: 4.1ms | ActiveRecord: 0.2ms | Allocations: 3446)


Started GET "/sharks/new" for 127.0.0.1 at 2024-06-16 02:08:17 +0300
Processing by SharksController#new as HTML
  Rendering layout layouts/application.html.erb
  Rendering sharks/new.html.erb within layouts/application
  Rendered sharks/_form.html.erb (Duration: 3.4ms | Allocations: 733)
  Rendered sharks/new.html.erb within layouts/application (Duration: 4.1ms | Allocations: 812)
  Rendered layout layouts/application.html.erb (Duration: 8.5ms | Allocations: 1896)
Completed 200 OK in 11ms (Views: 9.7ms | ActiveRecord: 0.0ms | Allocations: 2154)


Started POST "/sharks" for 127.0.0.1 at 2024-06-16 02:08:56 +0300
Processing by SharksController#create as TURBO_STREAM
  Parameters: {"authenticity_token"=>"[FILTERED]", "shark"=>{"name"=>"Great White", "facts"=>"Scary"}, "commit"=>"Create Shark"}
  [1m[36mTRANSACTION (0.1ms)[0m  [1m[36mbegin transaction[0m
  ↳ app/controllers/sharks_controller.rb:27:in `block in create'
  [1m[36mShark Create (1.8ms)[0m  [1m[32mINSERT INTO "sharks" ("name", "facts", "created_at", "updated_at") VALUES (?, ?, ?, ?) RETURNING "id"[0m  [["name", "Great White"], ["facts", "Scary"], ["created_at", "2024-06-15 23:08:56.979492"], ["updated_at", "2024-06-15 23:08:56.979492"]]
  ↳ app/controllers/sharks_controller.rb:27:in `block in create'
  [1m[36mTRANSACTION (38.2ms)[0m  [1m[36mcommit transaction[0m
  ↳ app/controllers/sharks_controller.rb:27:in `block in create'
Redirected to http://127.0.0.1:3000/sharks/1
Completed 302 Found in 47ms (ActiveRecord: 40.1ms | Allocations: 3367)


Started GET "/sharks/1" for 127.0.0.1 at 2024-06-16 02:08:57 +0300
Processing by SharksController#show as TURBO_STREAM
  Parameters: {"id"=>"1"}
  [1m[36mShark Load (0.2ms)[0m  [1m[34mSELECT "sharks".* FROM "sharks" WHERE "sharks"."id" = ? LIMIT ?[0m  [["id", 1], ["LIMIT", 1]]
  ↳ app/controllers/sharks_controller.rb:63:in `set_shark'
  Rendering layout layouts/application.html.erb
  Rendering sharks/show.html.erb within layouts/application
  Rendered sharks/_shark.html.erb (Duration: 0.3ms | Allocations: 182)
  Rendered sharks/show.html.erb within layouts/application (Duration: 17.7ms | Allocations: 1253)
  Rendered layout layouts/application.html.erb (Duration: 18.8ms | Allocations: 2333)
Completed 200 OK in 49ms (Views: 19.2ms | ActiveRecord: 0.2ms | Allocations: 5309)


Started GET "/sharks" for 127.0.0.1 at 2024-06-16 02:09:41 +0300
Processing by SharksController#index as HTML
  Rendering layout layouts/application.html.erb
  Rendering sharks/index.html.erb within layouts/application
  [1m[36mShark Load (0.1ms)[0m  [1m[34mSELECT "sharks".* FROM "sharks"[0m
  ↳ app/views/sharks/index.html.erb:6
  Rendered sharks/_shark.html.erb (Duration: 0.1ms | Allocations: 18)
  Rendered sharks/index.html.erb within layouts/application (Duration: 1.3ms | Allocations: 727)
  Rendered layout layouts/application.html.erb (Duration: 2.7ms | Allocations: 1827)
Completed 200 OK in 3ms (Views: 3.0ms | ActiveRecord: 0.1ms | Allocations: 2075)


Started GET "/sharks/1/edit" for 127.0.0.1 at 2024-06-16 02:09:42 +0300
Processing by SharksController#edit as HTML
  Parameters: {"id"=>"1"}
  [1m[36mShark Load (0.2ms)[0m  [1m[34mSELECT "sharks".* FROM "sharks" WHERE "sharks"."id" = ? LIMIT ?[0m  [["id", 1], ["LIMIT", 1]]
  ↳ app/controllers/sharks_controller.rb:63:in `set_shark'
  Rendering layout layouts/application.html.erb
  Rendering sharks/edit.html.erb within layouts/application
  Rendered sharks/_form.html.erb (Duration: 3.7ms | Allocations: 808)
  Rendered sharks/edit.html.erb within layouts/application (Duration: 5.7ms | Allocations: 1061)
  Rendered layout layouts/application.html.erb (Duration: 10.5ms | Allocations: 2155)
Completed 200 OK in 18ms (Views: 13.4ms | ActiveRecord: 0.2ms | Allocations: 2814)


Started PATCH "/sharks/1" for 127.0.0.1 at 2024-06-16 02:09:52 +0300
Processing by SharksController#update as TURBO_STREAM
  Parameters: {"authenticity_token"=>"[FILTERED]", "shark"=>{"name"=>"Great White", "facts"=>"Big"}, "commit"=>"Update Shark", "id"=>"1"}
  [1m[36mShark Load (0.1ms)[0m  [1m[34mSELECT "sharks".* FROM "sharks" WHERE "sharks"."id" = ? LIMIT ?[0m  [["id", 1], ["LIMIT", 1]]
  ↳ app/controllers/sharks_controller.rb:63:in `set_shark'
  [1m[36mTRANSACTION (0.1ms)[0m  [1m[36mbegin transaction[0m
  ↳ app/controllers/sharks_controller.rb:40:in `block in update'
  [1m[36mShark Update (1.4ms)[0m  [1m[33mUPDATE "sharks" SET "facts" = ?, "updated_at" = ? WHERE "sharks"."id" = ?[0m  [["facts", "Big"], ["updated_at", "2024-06-15 23:09:52.291526"], ["id", 1]]
  ↳ app/controllers/sharks_controller.rb:40:in `block in update'
  [1m[36mTRANSACTION (0.2ms)[0m  [1m[36mcommit transaction[0m
  ↳ app/controllers/sharks_controller.rb:40:in `block in update'
Redirected to http://127.0.0.1:3000/sharks/1
Completed 302 Found in 9ms (ActiveRecord: 1.8ms | Allocations: 2471)


Started GET "/sharks/1" for 127.0.0.1 at 2024-06-16 02:09:52 +0300
Processing by SharksController#show as TURBO_STREAM
  Parameters: {"id"=>"1"}
  [1m[36mShark Load (0.1ms)[0m  [1m[34mSELECT "sharks".* FROM "sharks" WHERE "sharks"."id" = ? LIMIT ?[0m  [["id", 1], ["LIMIT", 1]]
  ↳ app/controllers/sharks_controller.rb:63:in `set_shark'
  Rendering layout layouts/application.html.erb
  Rendering sharks/show.html.erb within layouts/application
  Rendered sharks/_shark.html.erb (Duration: 0.0ms | Allocations: 18)
  Rendered sharks/show.html.erb within layouts/application (Duration: 0.8ms | Allocations: 457)
  Rendered layout layouts/application.html.erb (Duration: 2.1ms | Allocations: 1537)
Completed 200 OK in 3ms (Views: 2.4ms | ActiveRecord: 0.1ms | Allocations: 2131)


Started GET "/sharks" for 127.0.0.1 at 2024-06-16 02:14:30 +0300
  [1m[36mActiveRecord::SchemaMigration Load (0.2ms)[0m  [1m[34mSELECT "schema_migrations"."version" FROM "schema_migrations" ORDER BY "schema_migrations"."version" ASC[0m
Processing by SharksController#index as HTML
  Rendering layout layouts/application.html.erb
  Rendering sharks/index.html.erb within layouts/application
  [1m[36mShark Load (0.1ms)[0m  [1m[34mSELECT "sharks".* FROM "sharks"[0m
  ↳ app/views/sharks/index.html.erb:6
  Rendered sharks/_shark.html.erb (Duration: 0.3ms | Allocations: 220)
  Rendered sharks/index.html.erb within layouts/application (Duration: 19.8ms | Allocations: 11910)
  Rendered layout layouts/application.html.erb (Duration: 135.9ms | Allocations: 45442)
Completed 200 OK in 161ms (Views: 136.7ms | ActiveRecord: 2.2ms | Allocations: 55475)


Started GET "/sharks/new" for 127.0.0.1 at 2024-06-16 02:14:32 +0300
Processing by SharksController#new as HTML
  Rendering layout layouts/application.html.erb
  Rendering sharks/new.html.erb within layouts/application
  Rendered sharks/_form.html.erb (Duration: 10.5ms | Allocations: 2028)
  Rendered sharks/new.html.erb within layouts/application (Duration: 13.7ms | Allocations: 2322)
  Rendered layout layouts/application.html.erb (Duration: 18.0ms | Allocations: 3409)
Completed 200 OK in 21ms (Views: 19.0ms | ActiveRecord: 0.0ms | Allocations: 3767)


Started GET "/sharks/1" for 127.0.0.1 at 2024-06-16 02:14:33 +0300
Processing by SharksController#show as HTML
  Parameters: {"id"=>"1"}
  [1m[36mShark Load (0.2ms)[0m  [1m[34mSELECT "sharks".* FROM "sharks" WHERE "sharks"."id" = ? LIMIT ?[0m  [["id", 1], ["LIMIT", 1]]
  ↳ app/controllers/sharks_controller.rb:63:in `set_shark'
  Rendering layout layouts/application.html.erb
  Rendering sharks/show.html.erb within layouts/application
  Rendered sharks/_shark.html.erb (Duration: 0.1ms | Allocations: 18)
  Rendered sharks/show.html.erb within layouts/application (Duration: 2.8ms | Allocations: 635)
  Rendered layout layouts/application.html.erb (Duration: 6.4ms | Allocations: 1715)
Completed 200 OK in 13ms (Views: 7.3ms | ActiveRecord: 0.2ms | Allocations: 4294)


Started GET "/sharks/new" for 127.0.0.1 at 2024-06-16 02:14:36 +0300
Processing by SharksController#new as HTML
  Rendering layout layouts/application.html.erb
  Rendering sharks/new.html.erb within layouts/application
  Rendered sharks/_form.html.erb (Duration: 3.3ms | Allocations: 749)
  Rendered sharks/new.html.erb within layouts/application (Duration: 4.0ms | Allocations: 828)
  Rendered layout layouts/application.html.erb (Duration: 8.3ms | Allocations: 1912)
Completed 200 OK in 10ms (Views: 9.3ms | ActiveRecord: 0.0ms | Allocations: 2170)


Started GET "/sharks/1" for 127.0.0.1 at 2024-06-16 02:14:38 +0300
Processing by SharksController#show as HTML
  Parameters: {"id"=>"1"}
  [1m[36mShark Load (0.2ms)[0m  [1m[34mSELECT "sharks".* FROM "sharks" WHERE "sharks"."id" = ? LIMIT ?[0m  [["id", 1], ["LIMIT", 1]]
  ↳ app/controllers/sharks_controller.rb:63:in `set_shark'
  Rendering layout layouts/application.html.erb
  Rendering sharks/show.html.erb within layouts/application
  Rendered sharks/_shark.html.erb (Duration: 0.1ms | Allocations: 18)
  Rendered sharks/show.html.erb within layouts/application (Duration: 2.0ms | Allocations: 448)
  Rendered layout layouts/application.html.erb (Duration: 5.9ms | Allocations: 1528)
Completed 200 OK in 10ms (Views: 7.0ms | ActiveRecord: 0.2ms | Allocations: 2133)


Started GET "/sharks/1" for 127.0.0.1 at 2024-06-16 02:14:41 +0300
Processing by SharksController#show as HTML
  Parameters: {"id"=>"1"}
  [1m[36mShark Load (0.2ms)[0m  [1m[34mSELECT "sharks".* FROM "sharks" WHERE "sharks"."id" = ? LIMIT ?[0m  [["id", 1], ["LIMIT", 1]]
  ↳ app/controllers/sharks_controller.rb:63:in `set_shark'
  Rendering layout layouts/application.html.erb
  Rendering sharks/show.html.erb within layouts/application
  Rendered sharks/_shark.html.erb (Duration: 0.2ms | Allocations: 18)
  Rendered sharks/show.html.erb within layouts/application (Duration: 3.4ms | Allocations: 430)
  Rendered layout layouts/application.html.erb (Duration: 8.4ms | Allocations: 1510)
Completed 200 OK in 13ms (Views: 9.5ms | ActiveRecord: 0.2ms | Allocations: 2101)


Started GET "/sharks/new" for 127.0.0.1 at 2024-06-16 02:14:44 +0300
Processing by SharksController#new as HTML
  Rendering layout layouts/application.html.erb
  Rendering sharks/new.html.erb within layouts/application
  Rendered sharks/_form.html.erb (Duration: 1.1ms | Allocations: 745)
  Rendered sharks/new.html.erb within layouts/application (Duration: 1.3ms | Allocations: 824)
  Rendered layout layouts/application.html.erb (Duration: 2.8ms | Allocations: 1908)
Completed 200 OK in 4ms (Views: 3.2ms | ActiveRecord: 0.0ms | Allocations: 2160)


Started GET "/sharks" for 127.0.0.1 at 2024-06-16 02:14:44 +0300
Processing by SharksController#index as HTML
  Rendering layout layouts/application.html.erb
  Rendering sharks/index.html.erb within layouts/application
  [1m[36mShark Load (0.2ms)[0m  [1m[34mSELECT "sharks".* FROM "sharks"[0m
  ↳ app/views/sharks/index.html.erb:6
  Rendered sharks/_shark.html.erb (Duration: 0.1ms | Allocations: 18)
  Rendered sharks/index.html.erb within layouts/application (Duration: 27.7ms | Allocations: 720)
  Rendered layout layouts/application.html.erb (Duration: 30.0ms | Allocations: 1820)
Completed 200 OK in 32ms (Views: 30.7ms | ActiveRecord: 0.2ms | Allocations: 2067)


Started POST "/sharks" for 127.0.0.1 at 2024-06-16 02:15:12 +0300
Processing by SharksController#create as TURBO_STREAM
  Parameters: {"authenticity_token"=>"[FILTERED]", "shark"=>{"name"=>"Big White", "facts"=>"teehth"}, "commit"=>"Create Shark"}
  [1m[36mTRANSACTION (0.1ms)[0m  [1m[36mbegin transaction[0m
  ↳ app/controllers/sharks_controller.rb:27:in `block in create'
  [1m[36mShark Exists? (1.4ms)[0m  [1m[34mSELECT 1 AS one FROM "sharks" WHERE "sharks"."name" = ? LIMIT ?[0m  [["name", "Big White"], ["LIMIT", 1]]
  ↳ app/controllers/sharks_controller.rb:27:in `block in create'
  [1m[36mShark Create (0.2ms)[0m  [1m[32mINSERT INTO "sharks" ("name", "facts", "created_at", "updated_at") VALUES (?, ?, ?, ?) RETURNING "id"[0m  [["name", "Big White"], ["facts", "teehth"], ["created_at", "2024-06-15 23:15:12.247360"], ["updated_at", "2024-06-15 23:15:12.247360"]]
  ↳ app/controllers/sharks_controller.rb:27:in `block in create'
  [1m[36mTRANSACTION (94.7ms)[0m  [1m[36mcommit transaction[0m
  ↳ app/controllers/sharks_controller.rb:27:in `block in create'
Redirected to http://127.0.0.1:3000/sharks/2
Completed 302 Found in 103ms (ActiveRecord: 96.4ms | Allocations: 4135)


Started GET "/sharks/2" for 127.0.0.1 at 2024-06-16 02:15:12 +0300
Processing by SharksController#show as TURBO_STREAM
  Parameters: {"id"=>"2"}
  [1m[36mShark Load (0.1ms)[0m  [1m[34mSELECT "sharks".* FROM "sharks" WHERE "sharks"."id" = ? LIMIT ?[0m  [["id", 2], ["LIMIT", 1]]
  ↳ app/controllers/sharks_controller.rb:63:in `set_shark'
  Rendering layout layouts/application.html.erb
  Rendering sharks/show.html.erb within layouts/application
  Rendered sharks/_shark.html.erb (Duration: 0.0ms | Allocations: 18)
  Rendered sharks/show.html.erb within layouts/application (Duration: 1.0ms | Allocations: 503)
  Rendered layout layouts/application.html.erb (Duration: 2.1ms | Allocations: 1595)
Completed 200 OK in 3ms (Views: 2.4ms | ActiveRecord: 0.1ms | Allocations: 2233)


Started GET "/sharks/2/edit" for 127.0.0.1 at 2024-06-16 02:15:17 +0300
Processing by SharksController#edit as HTML
  Parameters: {"id"=>"2"}
  [1m[36mShark Load (0.2ms)[0m  [1m[34mSELECT "sharks".* FROM "sharks" WHERE "sharks"."id" = ? LIMIT ?[0m  [["id", 2], ["LIMIT", 1]]
  ↳ app/controllers/sharks_controller.rb:63:in `set_shark'
  Rendering layout layouts/application.html.erb
  Rendering sharks/edit.html.erb within layouts/application
  Rendered sharks/_form.html.erb (Duration: 3.6ms | Allocations: 793)
  Rendered sharks/edit.html.erb within layouts/application (Duration: 5.5ms | Allocations: 1045)
  Rendered layout layouts/application.html.erb (Duration: 9.8ms | Allocations: 2126)
Completed 200 OK in 15ms (Views: 10.9ms | ActiveRecord: 0.2ms | Allocations: 2785)


Started GET "/sharks" for 127.0.0.1 at 2024-06-16 02:15:18 +0300
Processing by SharksController#index as HTML
  Rendering layout layouts/application.html.erb
  Rendering sharks/index.html.erb within layouts/application
  [1m[36mShark Load (0.2ms)[0m  [1m[34mSELECT "sharks".* FROM "sharks"[0m
  ↳ app/views/sharks/index.html.erb:6
  Rendered sharks/_shark.html.erb (Duration: 0.2ms | Allocations: 18)
  Rendered sharks/_shark.html.erb (Duration: 0.1ms | Allocations: 17)
  Rendered sharks/index.html.erb within layouts/application (Duration: 4.5ms | Allocations: 858)
  Rendered layout layouts/application.html.erb (Duration: 9.6ms | Allocations: 1943)
Completed 200 OK in 12ms (Views: 10.6ms | ActiveRecord: 0.2ms | Allocations: 2189)


Started GET "/sharks/2/edit" for 127.0.0.1 at 2024-06-16 02:15:19 +0300
Processing by SharksController#edit as HTML
  Parameters: {"id"=>"2"}
  [1m[36mShark Load (0.2ms)[0m  [1m[34mSELECT "sharks".* FROM "sharks" WHERE "sharks"."id" = ? LIMIT ?[0m  [["id", 2], ["LIMIT", 1]]
  ↳ app/controllers/sharks_controller.rb:63:in `set_shark'
  Rendering layout layouts/application.html.erb
  Rendering sharks/edit.html.erb within layouts/application
  Rendered sharks/_form.html.erb (Duration: 3.6ms | Allocations: 772)
  Rendered sharks/edit.html.erb within layouts/application (Duration: 4.4ms | Allocations: 876)
  Rendered layout layouts/application.html.erb (Duration: 8.4ms | Allocations: 1956)
Completed 200 OK in 13ms (Views: 9.4ms | ActiveRecord: 0.2ms | Allocations: 2547)


Started GET "/sharks/2/edit" for 127.0.0.1 at 2024-06-16 02:15:21 +0300
Processing by SharksController#edit as HTML
  Parameters: {"id"=>"2"}
  [1m[36mShark Load (0.2ms)[0m  [1m[34mSELECT "sharks".* FROM "sharks" WHERE "sharks"."id" = ? LIMIT ?[0m  [["id", 2], ["LIMIT", 1]]
  ↳ app/controllers/sharks_controller.rb:63:in `set_shark'
  Rendering layout layouts/application.html.erb
  Rendering sharks/edit.html.erb within layouts/application
  Rendered sharks/_form.html.erb (Duration: 3.5ms | Allocations: 772)
  Rendered sharks/edit.html.erb within layouts/application (Duration: 4.3ms | Allocations: 876)
  Rendered layout layouts/application.html.erb (Duration: 8.6ms | Allocations: 1956)
Completed 200 OK in 13ms (Views: 9.7ms | ActiveRecord: 0.2ms | Allocations: 2554)


Started GET "/" for 127.0.0.1 at 2024-06-23 03:59:31 +0300
  [1m[36mActiveRecord::SchemaMigration Load (0.2ms)[0m  [1m[34mSELECT "schema_migrations"."version" FROM "schema_migrations" ORDER BY "schema_migrations"."version" ASC[0m
Processing by SharksController#index as HTML
  Rendering layout layouts/application.html.erb
  Rendering sharks/index.html.erb within layouts/application
  [1m[36mShark Load (0.1ms)[0m  [1m[34mSELECT "sharks".* FROM "sharks"[0m
  ↳ app/views/sharks/index.html.erb:6
  Rendered sharks/_shark.html.erb (Duration: 0.5ms | Allocations: 220)
  Rendered sharks/_shark.html.erb (Duration: 0.1ms | Allocations: 17)
  Rendered sharks/index.html.erb within layouts/application (Duration: 52.9ms | Allocations: 10933)
  Rendered layout layouts/application.html.erb (Duration: 302.2ms | Allocations: 44358)
Completed 200 OK in 375ms (Views: 317.6ms | ActiveRecord: 1.6ms | Allocations: 54362)


Started GET "/sharks/1" for 127.0.0.1 at 2024-06-23 03:59:39 +0300
Processing by SharksController#show as HTML
  Parameters: {"id"=>"1"}
  [1m[36mShark Load (0.3ms)[0m  [1m[34mSELECT "sharks".* FROM "sharks" WHERE "sharks"."id" = ? LIMIT ?[0m  [["id", 1], ["LIMIT", 1]]
  ↳ app/controllers/sharks_controller.rb:63:in `set_shark'
  Rendering layout layouts/application.html.erb
  Rendering sharks/show.html.erb within layouts/application
  Rendered sharks/_shark.html.erb (Duration: 0.1ms | Allocations: 18)
  Rendered sharks/show.html.erb within layouts/application (Duration: 8.5ms | Allocations: 1697)
  Rendered layout layouts/application.html.erb (Duration: 10.7ms | Allocations: 2778)
Completed 200 OK in 23ms (Views: 11.5ms | ActiveRecord: 0.3ms | Allocations: 5362)


Started GET "/sharks" for 127.0.0.1 at 2024-06-23 03:59:40 +0300
Processing by SharksController#index as HTML
  Rendering layout layouts/application.html.erb
  Rendering sharks/index.html.erb within layouts/application
  [1m[36mShark Load (0.2ms)[0m  [1m[34mSELECT "sharks".* FROM "sharks"[0m
  ↳ app/views/sharks/index.html.erb:6
  Rendered sharks/_shark.html.erb (Duration: 0.2ms | Allocations: 18)
  Rendered sharks/_shark.html.erb (Duration: 0.1ms | Allocations: 17)
  Rendered sharks/index.html.erb within layouts/application (Duration: 4.8ms | Allocations: 870)
  Rendered layout layouts/application.html.erb (Duration: 9.2ms | Allocations: 1955)
Completed 200 OK in 11ms (Views: 10.1ms | ActiveRecord: 0.2ms | Allocations: 2207)


Started GET "/sharks/new" for 127.0.0.1 at 2024-06-23 03:59:44 +0300
Processing by SharksController#new as HTML
  Rendering layout layouts/application.html.erb
  Rendering sharks/new.html.erb within layouts/application
  Rendered sharks/_form.html.erb (Duration: 13.3ms | Allocations: 2033)
  Rendered sharks/new.html.erb within layouts/application (Duration: 15.8ms | Allocations: 2320)
  Rendered layout layouts/application.html.erb (Duration: 19.3ms | Allocations: 3404)
Completed 200 OK in 22ms (Views: 20.3ms | ActiveRecord: 0.0ms | Allocations: 3758)


Started GET "/" for 127.0.0.1 at 2024-06-23 04:07:40 +0300
  [1m[36mActiveRecord::SchemaMigration Load (0.1ms)[0m  [1m[34mSELECT "schema_migrations"."version" FROM "schema_migrations" ORDER BY "schema_migrations"."version" ASC[0m
Processing by SharksController#index as HTML
  Rendering layout layouts/application.html.erb
  Rendering sharks/index.html.erb within layouts/application
  [1m[36mShark Load (0.1ms)[0m  [1m[34mSELECT "sharks".* FROM "sharks"[0m
  ↳ app/views/sharks/index.html.erb:6
  Rendered sharks/_shark.html.erb (Duration: 0.3ms | Allocations: 220)
  Rendered sharks/_shark.html.erb (Duration: 0.0ms | Allocations: 17)
  Rendered sharks/index.html.erb within layouts/application (Duration: 22.8ms | Allocations: 12046)
  Rendered layout layouts/application.html.erb (Duration: 80.3ms | Allocations: 45379)
Completed 200 OK in 100ms (Views: 81.7ms | ActiveRecord: 1.5ms | Allocations: 55496)


Started GET "/" for 127.0.0.1 at 2024-06-23 23:59:41 +0300
  [1m[36mActiveRecord::SchemaMigration Load (0.4ms)[0m  [1m[34mSELECT "schema_migrations"."version" FROM "schema_migrations" ORDER BY "schema_migrations"."version" ASC[0m
Processing by SharksController#index as HTML
  Rendering layout layouts/application.html.erb
  Rendering sharks/index.html.erb within layouts/application
  [1m[36mShark Load (6.3ms)[0m  [1m[34mSELECT "sharks".* FROM "sharks"[0m
  ↳ app/views/sharks/index.html.erb:6
  Rendered sharks/_shark.html.erb (Duration: 0.6ms | Allocations: 220)
  Rendered sharks/_shark.html.erb (Duration: 0.0ms | Allocations: 17)
  Rendered sharks/index.html.erb within layouts/application (Duration: 73.6ms | Allocations: 10887)
  Rendered layout layouts/application.html.erb (Duration: 176.9ms | Allocations: 44474)
Completed 200 OK in 391ms (Views: 199.3ms | ActiveRecord: 11.7ms | Allocations: 54478)


Started GET "/sharks/2" for 127.0.0.1 at 2024-06-23 23:59:59 +0300
Processing by SharksController#show as HTML
  Parameters: {"id"=>"2"}
  [1m[36mShark Load (0.1ms)[0m  [1m[34mSELECT "sharks".* FROM "sharks" WHERE "sharks"."id" = ? LIMIT ?[0m  [["id", 2], ["LIMIT", 1]]
  ↳ app/controllers/sharks_controller.rb:63:in `set_shark'
  Rendering layout layouts/application.html.erb
  Rendering sharks/show.html.erb within layouts/application
  Rendered sharks/_shark.html.erb (Duration: 0.1ms | Allocations: 18)
  Rendered sharks/show.html.erb within layouts/application (Duration: 59.9ms | Allocations: 1674)
  Rendered layout layouts/application.html.erb (Duration: 61.6ms | Allocations: 2769)
Completed 200 OK in 83ms (Views: 62.5ms | ActiveRecord: 0.1ms | Allocations: 5355)


Started GET "/sharks/2" for 127.0.0.1 at 2024-06-24 00:00:00 +0300
Processing by SharksController#show as HTML
  Parameters: {"id"=>"2"}
  [1m[36mShark Load (0.2ms)[0m  [1m[34mSELECT "sharks".* FROM "sharks" WHERE "sharks"."id" = ? LIMIT ?[0m  [["id", 2], ["LIMIT", 1]]
  ↳ app/controllers/sharks_controller.rb:63:in `set_shark'
  Rendering layout layouts/application.html.erb
  Rendering sharks/show.html.erb within layouts/application
  Rendered sharks/_shark.html.erb (Duration: 0.2ms | Allocations: 18)
  Rendered sharks/show.html.erb within layouts/application (Duration: 3.3ms | Allocations: 445)
  Rendered layout layouts/application.html.erb (Duration: 7.8ms | Allocations: 1528)
Completed 200 OK in 12ms (Views: 8.8ms | ActiveRecord: 0.2ms | Allocations: 2133)


Started GET "/sharks/2" for 127.0.0.1 at 2024-06-24 00:00:02 +0300
Processing by SharksController#show as HTML
  Parameters: {"id"=>"2"}
  [1m[36mShark Load (0.2ms)[0m  [1m[34mSELECT "sharks".* FROM "sharks" WHERE "sharks"."id" = ? LIMIT ?[0m  [["id", 2], ["LIMIT", 1]]
  ↳ app/controllers/sharks_controller.rb:63:in `set_shark'
  Rendering layout layouts/application.html.erb
  Rendering sharks/show.html.erb within layouts/application
  Rendered sharks/_shark.html.erb (Duration: 0.2ms | Allocations: 18)
  Rendered sharks/show.html.erb within layouts/application (Duration: 2.5ms | Allocations: 439)
  Rendered layout layouts/application.html.erb (Duration: 7.4ms | Allocations: 1519)
Completed 200 OK in 12ms (Views: 8.5ms | ActiveRecord: 0.2ms | Allocations: 2123)


Started GET "/sharks/1" for 127.0.0.1 at 2024-06-24 00:00:04 +0300
Processing by SharksController#show as HTML
  Parameters: {"id"=>"1"}
  [1m[36mShark Load (0.2ms)[0m  [1m[34mSELECT "sharks".* FROM "sharks" WHERE "sharks"."id" = ? LIMIT ?[0m  [["id", 1], ["LIMIT", 1]]
  ↳ app/controllers/sharks_controller.rb:63:in `set_shark'
  Rendering layout layouts/application.html.erb
  Rendering sharks/show.html.erb within layouts/application
  Rendered sharks/_shark.html.erb (Duration: 0.0ms | Allocations: 18)
  Rendered sharks/show.html.erb within layouts/application (Duration: 0.8ms | Allocations: 445)
  Rendered layout layouts/application.html.erb (Duration: 1.9ms | Allocations: 1525)
Completed 200 OK in 4ms (Views: 2.2ms | ActiveRecord: 0.2ms | Allocations: 2116)


Started GET "/sharks/2" for 127.0.0.1 at 2024-06-24 00:00:05 +0300
Processing by SharksController#show as HTML
  Parameters: {"id"=>"2"}
  [1m[36mShark Load (0.1ms)[0m  [1m[34mSELECT "sharks".* FROM "sharks" WHERE "sharks"."id" = ? LIMIT ?[0m  [["id", 2], ["LIMIT", 1]]
  ↳ app/controllers/sharks_controller.rb:63:in `set_shark'
  Rendering layout layouts/application.html.erb
  Rendering sharks/show.html.erb within layouts/application
  Rendered sharks/_shark.html.erb (Duration: 0.1ms | Allocations: 18)
  Rendered sharks/show.html.erb within layouts/application (Duration: 1.4ms | Allocations: 460)
  Rendered layout layouts/application.html.erb (Duration: 3.9ms | Allocations: 1540)
Completed 200 OK in 7ms (Views: 4.8ms | ActiveRecord: 0.1ms | Allocations: 2145)


Started GET "/sharks/2/edit" for 127.0.0.1 at 2024-06-24 00:00:06 +0300
Processing by SharksController#edit as HTML
  Parameters: {"id"=>"2"}
  [1m[36mShark Load (0.2ms)[0m  [1m[34mSELECT "sharks".* FROM "sharks" WHERE "sharks"."id" = ? LIMIT ?[0m  [["id", 2], ["LIMIT", 1]]
  ↳ app/controllers/sharks_controller.rb:63:in `set_shark'
  Rendering layout layouts/application.html.erb
  Rendering sharks/edit.html.erb within layouts/application
  Rendered sharks/_form.html.erb (Duration: 29.3ms | Allocations: 2035)
  Rendered sharks/edit.html.erb within layouts/application (Duration: 32.0ms | Allocations: 2363)
  Rendered layout layouts/application.html.erb (Duration: 33.5ms | Allocations: 3444)
Completed 200 OK in 50ms (Views: 34.6ms | ActiveRecord: 0.2ms | Allocations: 4102)


Started PATCH "/sharks/2" for 127.0.0.1 at 2024-06-24 00:00:39 +0300
Processing by SharksController#update as TURBO_STREAM
  Parameters: {"authenticity_token"=>"[FILTERED]", "shark"=>{"name"=>"Big White", "facts"=>"Scary"}, "commit"=>"Update Shark", "id"=>"2"}
  [1m[36mShark Load (0.2ms)[0m  [1m[34mSELECT "sharks".* FROM "sharks" WHERE "sharks"."id" = ? LIMIT ?[0m  [["id", 2], ["LIMIT", 1]]
  ↳ app/controllers/sharks_controller.rb:63:in `set_shark'
  [1m[36mTRANSACTION (0.2ms)[0m  [1m[36mbegin transaction[0m
  ↳ app/controllers/sharks_controller.rb:40:in `block in update'
  [1m[36mShark Exists? (0.3ms)[0m  [1m[34mSELECT 1 AS one FROM "sharks" WHERE "sharks"."name" = ? AND "sharks"."id" != ? LIMIT ?[0m  [["name", "Big White"], ["id", 2], ["LIMIT", 1]]
  ↳ app/controllers/sharks_controller.rb:40:in `block in update'
  [1m[36mShark Update (0.3ms)[0m  [1m[33mUPDATE "sharks" SET "facts" = ?, "updated_at" = ? WHERE "sharks"."id" = ?[0m  [["facts", "Scary"], ["updated_at", "2024-06-23 21:00:39.677289"], ["id", 2]]
  ↳ app/controllers/sharks_controller.rb:40:in `block in update'
  [1m[36mTRANSACTION (23.9ms)[0m  [1m[36mcommit transaction[0m
  ↳ app/controllers/sharks_controller.rb:40:in `block in update'
Redirected to http://127.0.0.1:3000/sharks/2
Completed 302 Found in 46ms (ActiveRecord: 27.7ms | Allocations: 4807)


Started GET "/sharks/2" for 127.0.0.1 at 2024-06-24 00:00:39 +0300
Processing by SharksController#show as TURBO_STREAM
  Parameters: {"id"=>"2"}
  [1m[36mShark Load (0.1ms)[0m  [1m[34mSELECT "sharks".* FROM "sharks" WHERE "sharks"."id" = ? LIMIT ?[0m  [["id", 2], ["LIMIT", 1]]
  ↳ app/controllers/sharks_controller.rb:63:in `set_shark'
  Rendering layout layouts/application.html.erb
  Rendering sharks/show.html.erb within layouts/application
  Rendered sharks/_shark.html.erb (Duration: 0.1ms | Allocations: 18)
  Rendered sharks/show.html.erb within layouts/application (Duration: 13.4ms | Allocations: 497)
  Rendered layout layouts/application.html.erb (Duration: 14.8ms | Allocations: 1592)
Completed 200 OK in 16ms (Views: 15.2ms | ActiveRecord: 0.1ms | Allocations: 2231)


Started GET "/sharks" for 127.0.0.1 at 2024-06-24 00:00:46 +0300
Processing by SharksController#index as HTML
  Rendering layout layouts/application.html.erb
  Rendering sharks/index.html.erb within layouts/application
  [1m[36mShark Load (0.2ms)[0m  [1m[34mSELECT "sharks".* FROM "sharks"[0m
  ↳ app/views/sharks/index.html.erb:6
  Rendered sharks/_shark.html.erb (Duration: 0.2ms | Allocations: 18)
  Rendered sharks/_shark.html.erb (Duration: 0.1ms | Allocations: 17)
  Rendered sharks/index.html.erb within layouts/application (Duration: 4.7ms | Allocations: 837)
  Rendered layout layouts/application.html.erb (Duration: 10.2ms | Allocations: 1926)
Completed 200 OK in 12ms (Views: 11.0ms | ActiveRecord: 0.2ms | Allocations: 2173)


Started GET "/sharks/new" for 127.0.0.1 at 2024-06-24 00:02:49 +0300
Processing by SharksController#new as HTML
  Rendering layout layouts/application.html.erb
  Rendering sharks/new.html.erb within layouts/application
  Rendered sharks/_form.html.erb (Duration: 2.6ms | Allocations: 778)
  Rendered sharks/new.html.erb within layouts/application (Duration: 4.1ms | Allocations: 992)
  Rendered layout layouts/application.html.erb (Duration: 9.0ms | Allocations: 2079)
Completed 200 OK in 22ms (Views: 10.1ms | ActiveRecord: 0.0ms | Allocations: 2427)


Started POST "/sharks" for 127.0.0.1 at 2024-06-24 00:02:59 +0300
Processing by SharksController#create as TURBO_STREAM
  Parameters: {"authenticity_token"=>"[FILTERED]", "shark"=>{"name"=>"Great White", "facts"=>"new"}, "commit"=>"Create Shark"}
  [1m[36mTRANSACTION (0.2ms)[0m  [1m[36mbegin transaction[0m
  ↳ app/controllers/sharks_controller.rb:27:in `block in create'
  [1m[36mShark Exists? (2.2ms)[0m  [1m[34mSELECT 1 AS one FROM "sharks" WHERE "sharks"."name" = ? LIMIT ?[0m  [["name", "Great White"], ["LIMIT", 1]]
  ↳ app/controllers/sharks_controller.rb:27:in `block in create'
  [1m[36mTRANSACTION (0.1ms)[0m  [1m[31mrollback transaction[0m
  ↳ app/controllers/sharks_controller.rb:27:in `block in create'
  Rendering layout layouts/application.html.erb
  Rendering sharks/new.html.erb within layouts/application
  Rendered sharks/_form.html.erb (Duration: 3.1ms | Allocations: 1433)
  Rendered sharks/new.html.erb within layouts/application (Duration: 3.6ms | Allocations: 1512)
  Rendered layout layouts/application.html.erb (Duration: 6.1ms | Allocations: 2592)
Completed 422 Unprocessable Content in 16ms (Views: 7.0ms | ActiveRecord: 2.5ms | Allocations: 5199)


Started GET "/sharks" for 127.0.0.1 at 2024-06-24 00:03:22 +0300
Processing by SharksController#index as HTML
  Rendering layout layouts/application.html.erb
  Rendering sharks/index.html.erb within layouts/application
  [1m[36mShark Load (0.2ms)[0m  [1m[34mSELECT "sharks".* FROM "sharks"[0m
  ↳ app/views/sharks/index.html.erb:6
  Rendered sharks/_shark.html.erb (Duration: 0.2ms | Allocations: 18)
  Rendered sharks/_shark.html.erb (Duration: 0.1ms | Allocations: 17)
  Rendered sharks/index.html.erb within layouts/application (Duration: 4.7ms | Allocations: 840)
  Rendered layout layouts/application.html.erb (Duration: 8.2ms | Allocations: 1925)
Completed 200 OK in 11ms (Views: 9.8ms | ActiveRecord: 0.2ms | Allocations: 2171)


Started GET "/sharks/new" for 127.0.0.1 at 2024-06-24 00:03:23 +0300
Processing by SharksController#new as HTML
  Rendering layout layouts/application.html.erb
  Rendering sharks/new.html.erb within layouts/application
  Rendered sharks/_form.html.erb (Duration: 3.5ms | Allocations: 742)
  Rendered sharks/new.html.erb within layouts/application (Duration: 4.5ms | Allocations: 821)
  Rendered layout layouts/application.html.erb (Duration: 8.6ms | Allocations: 1906)
Completed 200 OK in 12ms (Views: 10.6ms | ActiveRecord: 0.0ms | Allocations: 2159)


Started GET "/sharks/new" for 127.0.0.1 at 2024-06-24 00:03:24 +0300
Processing by SharksController#new as HTML
  Rendering layout layouts/application.html.erb
  Rendering sharks/new.html.erb within layouts/application
  Rendered sharks/_form.html.erb (Duration: 3.3ms | Allocations: 739)
  Rendered sharks/new.html.erb within layouts/application (Duration: 4.0ms | Allocations: 818)
  Rendered layout layouts/application.html.erb (Duration: 8.3ms | Allocations: 1902)
Completed 200 OK in 10ms (Views: 9.4ms | ActiveRecord: 0.0ms | Allocations: 2154)


Started GET "/sharks" for 127.0.0.1 at 2024-06-24 00:03:24 +0300
Processing by SharksController#index as HTML
  Rendering layout layouts/application.html.erb
  Rendering sharks/index.html.erb within layouts/application
  [1m[36mShark Load (0.2ms)[0m  [1m[34mSELECT "sharks".* FROM "sharks"[0m
  ↳ app/views/sharks/index.html.erb:6
  Rendered sharks/_shark.html.erb (Duration: 0.2ms | Allocations: 18)
  Rendered sharks/_shark.html.erb (Duration: 0.1ms | Allocations: 17)
  Rendered sharks/index.html.erb within layouts/application (Duration: 5.2ms | Allocations: 855)
  Rendered layout layouts/application.html.erb (Duration: 9.7ms | Allocations: 1940)
Completed 200 OK in 12ms (Views: 10.7ms | ActiveRecord: 0.2ms | Allocations: 2186)


Started POST "/sharks" for 127.0.0.1 at 2024-06-24 00:03:34 +0300
Processing by SharksController#create as TURBO_STREAM
  Parameters: {"authenticity_token"=>"[FILTERED]", "shark"=>{"name"=>"Tiger Shark", "facts"=>""}, "commit"=>"Create Shark"}
  [1m[36mTRANSACTION (0.1ms)[0m  [1m[36mbegin transaction[0m
  ↳ app/controllers/sharks_controller.rb:27:in `block in create'
  [1m[36mShark Exists? (8.1ms)[0m  [1m[34mSELECT 1 AS one FROM "sharks" WHERE "sharks"."name" = ? LIMIT ?[0m  [["name", "Tiger Shark"], ["LIMIT", 1]]
  ↳ app/controllers/sharks_controller.rb:27:in `block in create'
  [1m[36mTRANSACTION (0.1ms)[0m  [1m[31mrollback transaction[0m
  ↳ app/controllers/sharks_controller.rb:27:in `block in create'
  Rendering layout layouts/application.html.erb
  Rendering sharks/new.html.erb within layouts/application
  Rendered sharks/_form.html.erb (Duration: 1.5ms | Allocations: 1387)
  Rendered sharks/new.html.erb within layouts/application (Duration: 1.7ms | Allocations: 1466)
  Rendered layout layouts/application.html.erb (Duration: 3.7ms | Allocations: 2561)
Completed 422 Unprocessable Content in 15ms (Views: 4.1ms | ActiveRecord: 8.2ms | Allocations: 5102)


Started GET "/sharks/new" for 127.0.0.1 at 2024-06-24 00:07:38 +0300
  [1m[36mActiveRecord::SchemaMigration Load (0.1ms)[0m  [1m[34mSELECT "schema_migrations"."version" FROM "schema_migrations" ORDER BY "schema_migrations"."version" ASC[0m
Processing by SharksController#new as HTML
Filter chain halted as #<Proc:0x00007b857bbfe330 /usr/share/rvm/gems/ruby-3.3.0/gems/actionpack-7.1.3.4/lib/action_controller/metal/http_authentication.rb:79> rendered or redirected
Completed 401 Unauthorized in 2ms (ActiveRecord: 0.0ms | Allocations: 994)


Started GET "/" for 127.0.0.1 at 2024-06-24 00:07:54 +0300
Processing by SharksController#index as HTML
  Rendering layout layouts/application.html.erb
  Rendering sharks/index.html.erb within layouts/application
  [1m[36mShark Load (0.1ms)[0m  [1m[34mSELECT "sharks".* FROM "sharks"[0m
  ↳ app/views/sharks/index.html.erb:6
  Rendered sharks/_shark.html.erb (Duration: 0.3ms | Allocations: 220)
  Rendered sharks/_shark.html.erb (Duration: 0.0ms | Allocations: 17)
  Rendered sharks/index.html.erb within layouts/application (Duration: 22.5ms | Allocations: 12021)
  Rendered layout layouts/application.html.erb (Duration: 80.2ms | Allocations: 45599)
Completed 200 OK in 121ms (Views: 82.1ms | ActiveRecord: 1.7ms | Allocations: 54741)


Started GET "/sharks/2" for 127.0.0.1 at 2024-06-24 00:08:01 +0300
Processing by SharksController#show as HTML
  Parameters: {"id"=>"2"}
  [1m[36mShark Load (0.1ms)[0m  [1m[34mSELECT "sharks".* FROM "sharks" WHERE "sharks"."id" = ? LIMIT ?[0m  [["id", 2], ["LIMIT", 1]]
  ↳ app/controllers/sharks_controller.rb:63:in `set_shark'
  Rendering layout layouts/application.html.erb
  Rendering sharks/show.html.erb within layouts/application
  Rendered sharks/_shark.html.erb (Duration: 0.1ms | Allocations: 18)
  Rendered sharks/show.html.erb within layouts/application (Duration: 1.2ms | Allocations: 675)
  Rendered layout layouts/application.html.erb (Duration: 2.5ms | Allocations: 1758)
Completed 200 OK in 5ms (Views: 2.8ms | ActiveRecord: 0.1ms | Allocations: 4344)


Started GET "/sharks/new" for 127.0.0.1 at 2024-06-24 00:08:01 +0300
Processing by SharksController#new as HTML
Filter chain halted as #<Proc:0x00007b857bbfe330 /usr/share/rvm/gems/ruby-3.3.0/gems/actionpack-7.1.3.4/lib/action_controller/metal/http_authentication.rb:79> rendered or redirected
Completed 401 Unauthorized in 0ms (ActiveRecord: 0.0ms | Allocations: 79)


Started GET "/sharks/1" for 127.0.0.1 at 2024-06-24 00:08:07 +0300
Processing by SharksController#show as HTML
  Parameters: {"id"=>"1"}
  [1m[36mShark Load (0.1ms)[0m  [1m[34mSELECT "sharks".* FROM "sharks" WHERE "sharks"."id" = ? LIMIT ?[0m  [["id", 1], ["LIMIT", 1]]
  ↳ app/controllers/sharks_controller.rb:63:in `set_shark'
  Rendering layout layouts/application.html.erb
  Rendering sharks/show.html.erb within layouts/application
  Rendered sharks/_shark.html.erb (Duration: 0.0ms | Allocations: 18)
  Rendered sharks/show.html.erb within layouts/application (Duration: 0.7ms | Allocations: 439)
  Rendered layout layouts/application.html.erb (Duration: 1.8ms | Allocations: 1519)
Completed 200 OK in 3ms (Views: 2.1ms | ActiveRecord: 0.1ms | Allocations: 2126)


Started GET "/sharks" for 127.0.0.1 at 2024-06-24 00:08:09 +0300
Processing by SharksController#index as HTML
  Rendering layout layouts/application.html.erb
  Rendering sharks/index.html.erb within layouts/application
  [1m[36mShark Load (0.1ms)[0m  [1m[34mSELECT "sharks".* FROM "sharks"[0m
  ↳ app/views/sharks/index.html.erb:6
  Rendered sharks/_shark.html.erb (Duration: 0.0ms | Allocations: 18)
  Rendered sharks/_shark.html.erb (Duration: 0.0ms | Allocations: 17)
  Rendered sharks/index.html.erb within layouts/application (Duration: 1.2ms | Allocations: 864)
  Rendered layout layouts/application.html.erb (Duration: 2.4ms | Allocations: 1949)
Completed 200 OK in 3ms (Views: 2.6ms | ActiveRecord: 0.1ms | Allocations: 2201)


Started GET "/sharks" for 127.0.0.1 at 2024-06-24 00:08:09 +0300
Processing by SharksController#index as HTML
  Rendering layout layouts/application.html.erb
  Rendering sharks/index.html.erb within layouts/application
  [1m[36mShark Load (0.1ms)[0m  [1m[34mSELECT "sharks".* FROM "sharks"[0m
  ↳ app/views/sharks/index.html.erb:6
  Rendered sharks/_shark.html.erb (Duration: 0.0ms | Allocations: 18)
  Rendered sharks/_shark.html.erb (Duration: 0.0ms | Allocations: 17)
  Rendered sharks/index.html.erb within layouts/application (Duration: 1.2ms | Allocations: 852)
  Rendered layout layouts/application.html.erb (Duration: 2.4ms | Allocations: 1937)
Completed 200 OK in 3ms (Views: 2.6ms | ActiveRecord: 0.1ms | Allocations: 2185)


Started GET "/sharks/1/edit" for 127.0.0.1 at 2024-06-24 00:08:10 +0300
Processing by SharksController#edit as HTML
  Parameters: {"id"=>"1"}
Filter chain halted as #<Proc:0x00007b857bbfe330 /usr/share/rvm/gems/ruby-3.3.0/gems/actionpack-7.1.3.4/lib/action_controller/metal/http_authentication.rb:79> rendered or redirected
Completed 401 Unauthorized in 0ms (ActiveRecord: 0.0ms | Allocations: 79)


Started GET "/sharks/1/edit" for 127.0.0.1 at 2024-06-24 00:08:22 +0300
Processing by SharksController#edit as HTML
  Parameters: {"id"=>"1"}
Filter chain halted as #<Proc:0x00007b857bbfe330 /usr/share/rvm/gems/ruby-3.3.0/gems/actionpack-7.1.3.4/lib/action_controller/metal/http_authentication.rb:79> rendered or redirected
Completed 401 Unauthorized in 1ms (ActiveRecord: 0.0ms | Allocations: 109)


Started GET "/sharks/1/edit" for 127.0.0.1 at 2024-06-24 00:08:30 +0300
Processing by SharksController#edit as HTML
  Parameters: {"id"=>"1"}
  [1m[36mShark Load (0.1ms)[0m  [1m[34mSELECT "sharks".* FROM "sharks" WHERE "sharks"."id" = ? LIMIT ?[0m  [["id", 1], ["LIMIT", 1]]
  ↳ app/controllers/sharks_controller.rb:63:in `set_shark'
  Rendering layout layouts/application.html.erb
  Rendering sharks/edit.html.erb within layouts/application
  Rendered sharks/_form.html.erb (Duration: 26.5ms | Allocations: 14233)
  Rendered sharks/edit.html.erb within layouts/application (Duration: 27.6ms | Allocations: 14561)
  Rendered layout layouts/application.html.erb (Duration: 29.6ms | Allocations: 15656)
Completed 200 OK in 31ms (Views: 30.2ms | ActiveRecord: 0.1ms | Allocations: 16333)


Started GET "/sharks/1/edit" for 127.0.0.1 at 2024-06-24 00:08:34 +0300
Processing by SharksController#edit as HTML
  Parameters: {"id"=>"1"}
  [1m[36mShark Load (0.1ms)[0m  [1m[34mSELECT "sharks".* FROM "sharks" WHERE "sharks"."id" = ? LIMIT ?[0m  [["id", 1], ["LIMIT", 1]]
  ↳ app/controllers/sharks_controller.rb:63:in `set_shark'
  Rendering layout layouts/application.html.erb
  Rendering sharks/edit.html.erb within layouts/application
  Rendered sharks/_form.html.erb (Duration: 1.0ms | Allocations: 776)
  Rendered sharks/edit.html.erb within layouts/application (Duration: 1.1ms | Allocations: 880)
  Rendered layout layouts/application.html.erb (Duration: 2.4ms | Allocations: 1972)
Completed 200 OK in 4ms (Views: 2.7ms | ActiveRecord: 0.1ms | Allocations: 2581)


Started GET "/sharks/2" for 127.0.0.1 at 2024-06-24 00:08:36 +0300
Processing by SharksController#show as HTML
  Parameters: {"id"=>"2"}
  [1m[36mShark Load (0.1ms)[0m  [1m[34mSELECT "sharks".* FROM "sharks" WHERE "sharks"."id" = ? LIMIT ?[0m  [["id", 2], ["LIMIT", 1]]
  ↳ app/controllers/sharks_controller.rb:63:in `set_shark'
  Rendering layout layouts/application.html.erb
  Rendering sharks/show.html.erb within layouts/application
  Rendered sharks/_shark.html.erb (Duration: 0.0ms | Allocations: 18)
  Rendered sharks/show.html.erb within layouts/application (Duration: 1.0ms | Allocations: 445)
  Rendered layout layouts/application.html.erb (Duration: 2.0ms | Allocations: 1525)
Completed 200 OK in 3ms (Views: 2.3ms | ActiveRecord: 0.1ms | Allocations: 2118)


Started GET "/sharks/new" for 127.0.0.1 at 2024-06-24 00:08:36 +0300
Processing by SharksController#new as HTML
Filter chain halted as #<Proc:0x00007b857bbfe330 /usr/share/rvm/gems/ruby-3.3.0/gems/actionpack-7.1.3.4/lib/action_controller/metal/http_authentication.rb:79> rendered or redirected
Completed 401 Unauthorized in 0ms (ActiveRecord: 0.0ms | Allocations: 79)


Started GET "/sharks/new" for 127.0.0.1 at 2024-06-24 00:08:36 +0300
Processing by SharksController#new as HTML
  Rendering layout layouts/application.html.erb
  Rendering sharks/new.html.erb within layouts/application
  Rendered sharks/_form.html.erb (Duration: 1.4ms | Allocations: 764)
  Rendered sharks/new.html.erb within layouts/application (Duration: 2.1ms | Allocations: 976)
  Rendered layout layouts/application.html.erb (Duration: 4.0ms | Allocations: 2060)
Completed 200 OK in 5ms (Views: 4.6ms | ActiveRecord: 0.0ms | Allocations: 2426)


